<?xml version="1.0" encoding="UTF-8"?>
<!-- Generated by org.testng.reporters.JUnitReportReporter -->
<testsuite hostname="LAPTOP-M40J3HI4" failures="0" tests="1" name="May3.FacebookTest" time="25.254" errors="0" timestamp="2023-05-04T15:22:41 IST" skipped="0">
  <testcase classname="May3.FacebookTest" name="loginWithCredentials" time="25.254"/>
  <system-out/>
</testsuite> <!-- May3.FacebookTest -->
